[debug] > Exec(run, None, None)
[debug] Evaluating tasks: Compile / run
[debug] Running task... Cancel: Signal, check cycles: false, forcegc: true
[debug] Running task... Cancel: Signal, check cycles: false, forcegc: true
[info] compiling 2 Scala sources to D:\Scala_Projects\SparkPlayExcel\play-samples-play-scala-hello-world-tutorial\target\scala-2.12\classes ...
[info] done compiling
[debug] Running task... Cancel: Signal, check cycles: false, forcegc: true
[debug] Exporting web-assets:playexcelspark
[debug] Running task... Cancel: Signal, check cycles: false, forcegc: true
[warn] In the last 10 seconds, 5.569 (56.4%) were spent in GC. [Heap: 0.57GB free of 0.82GB, max 1.33GB] Consider increasing the JVM heap using `-Xmx` or try a different collector, e.g. `-XX:+UseG1GC`, for better performance.
[warn] In the last 10 seconds, 5.094 (51.7%) were spent in GC. [Heap: 0.57GB free of 0.94GB, max 1.33GB] Consider increasing the JVM heap using `-Xmx` or try a different collector, e.g. `-XX:+UseG1GC`, for better performance.
[warn] In the last 10 seconds, 5.728 (58.6%) were spent in GC. [Heap: 0.45GB free of 1.33GB, max 1.33GB] Consider increasing the JVM heap using `-Xmx` or try a different collector, e.g. `-XX:+UseG1GC`, for better performance.
[warn] In the last 9 seconds, 5.009 (56.1%) were spent in GC. [Heap: 0.45GB free of 1.33GB, max 1.33GB] Consider increasing the JVM heap using `-Xmx` or try a different collector, e.g. `-XX:+UseG1GC`, for better performance.
[warn] In the last 10 seconds, 7.113 (71.6%) were spent in GC. [Heap: 0.45GB free of 1.33GB, max 1.33GB] Consider increasing the JVM heap using `-Xmx` or try a different collector, e.g. `-XX:+UseG1GC`, for better performance.
[warn] In the last 10 seconds, 5.292 (54.0%) were spent in GC. [Heap: 0.45GB free of 1.33GB, max 1.33GB] Consider increasing the JVM heap using `-Xmx` or try a different collector, e.g. `-XX:+UseG1GC`, for better performance.
[warn] In the last 10 seconds, 5.091 (51.3%) were spent in GC. [Heap: 0.45GB free of 1.33GB, max 1.33GB] Consider increasing the JVM heap using `-Xmx` or try a different collector, e.g. `-XX:+UseG1GC`, for better performance.
[warn] In the last 453 seconds, 8.818 (1.9%) were spent in GC. [Heap: 0.89GB free of 1.03GB, max 1.33GB] Consider increasing the JVM heap using `-Xmx` or try a different collector, e.g. `-XX:+UseG1GC`, for better performance.
[debug] Running task... Cancel: Signal, check cycles: false, forcegc: true
[info] compiling 1 Scala source to D:\Scala_Projects\SparkPlayExcel\play-samples-play-scala-hello-world-tutorial\target\scala-2.12\classes ...
[warn] Canceling execution...
[debug] Forcing garbage collection...
[warn] In the last 105 seconds, 11.28 (10.8%) were spent in GC. [Heap: 0.83GB free of 1.03GB, max 1.33GB] Consider increasing the JVM heap using `-Xmx` or try a different collector, e.g. `-XX:+UseG1GC`, for better performance.
[info] Compilation has been cancelled
