[debug] > Exec(run, None, None)
[debug] Evaluating tasks: Compile / run
[debug] Running task... Cancel: Signal, check cycles: false, forcegc: true
[debug] Running task... Cancel: Signal, check cycles: false, forcegc: true
[info] compiling 7 Scala sources and 1 Java source to D:\Scala_Projects\SparkPlayExcel\play-samples-play-scala-hello-world-tutorial\target\scala-2.12\classes ...
[info] done compiling
[debug] Running task... Cancel: Signal, check cycles: false, forcegc: true
[debug] Exporting web-assets:playexcelspark
[debug] Running task... Cancel: Signal, check cycles: false, forcegc: true
[debug] Running task... Cancel: Signal, check cycles: false, forcegc: true
[info] compiling 1 Scala source to D:\Scala_Projects\SparkPlayExcel\play-samples-play-scala-hello-world-tutorial\target\scala-2.12\classes ...
[info] done compiling
[debug] Running task... Cancel: Signal, check cycles: false, forcegc: true
[debug] Exporting web-assets:playexcelspark
[debug] Running task... Cancel: Signal, check cycles: false, forcegc: true
[debug] Running task... Cancel: Signal, check cycles: false, forcegc: true
[info] compiling 1 Scala source to D:\Scala_Projects\SparkPlayExcel\play-samples-play-scala-hello-world-tutorial\target\scala-2.12\classes ...
[info] done compiling
[debug] Running task... Cancel: Signal, check cycles: false, forcegc: true
[debug] Exporting web-assets:playexcelspark
[debug] Running task... Cancel: Signal, check cycles: false, forcegc: true
[debug] Running task... Cancel: Signal, check cycles: false, forcegc: true
[info] compiling 1 Scala source to D:\Scala_Projects\SparkPlayExcel\play-samples-play-scala-hello-world-tutorial\target\scala-2.12\classes ...
[info] done compiling
[debug] Running task... Cancel: Signal, check cycles: false, forcegc: true
[debug] Exporting web-assets:playexcelspark
[debug] Running task... Cancel: Signal, check cycles: false, forcegc: true
[debug] Running task... Cancel: Signal, check cycles: false, forcegc: true
[info] compiling 1 Scala source to D:\Scala_Projects\SparkPlayExcel\play-samples-play-scala-hello-world-tutorial\target\scala-2.12\classes ...
[info] done compiling
[debug] Running task... Cancel: Signal, check cycles: false, forcegc: true
[debug] Exporting web-assets:playexcelspark
[debug] Running task... Cancel: Signal, check cycles: false, forcegc: true
[debug] Running task... Cancel: Signal, check cycles: false, forcegc: true
[info] compiling 1 Scala source to D:\Scala_Projects\SparkPlayExcel\play-samples-play-scala-hello-world-tutorial\target\scala-2.12\classes ...
[info] done compiling
[debug] Forcing garbage collection...
[warn] In the last 900 seconds, 11.152 (1.2%) were spent in GC. [Heap: 0.47GB free of 0.63GB, max 1.33GB] Consider increasing the JVM heap using `-Xmx` or try a different collector, e.g. `-XX:+UseG1GC`, for better performance.
[debug] Running task... Cancel: Signal, check cycles: false, forcegc: true
[debug] Exporting web-assets:playexcelspark
[debug] Running task... Cancel: Signal, check cycles: false, forcegc: true
[debug] Running task... Cancel: Signal, check cycles: false, forcegc: true
[info] compiling 1 Scala source to D:\Scala_Projects\SparkPlayExcel\play-samples-play-scala-hello-world-tutorial\target\scala-2.12\classes ...
[info] done compiling
[debug] Running task... Cancel: Signal, check cycles: false, forcegc: true
[debug] Exporting web-assets:playexcelspark
[debug] Running task... Cancel: Signal, check cycles: false, forcegc: true
[success] Total time: 1195 s (19:55), completed 1 Jun, 2022 4:22:55 PM
[debug] > Exec(idea-shell, None, None)
[warn] build source files have changed
[warn] modified files: 
[warn]   D:\Scala_Projects\SparkPlayExcel\play-samples-play-scala-hello-world-tutorial\build.sbt
[warn] Apply these changes by running `reload`.
[warn] Automatically reload the build when source changes are detected by setting `Global / onChangedBuildSource := ReloadOnSourceChanges`.
[warn] Disable this warning by setting `Global / onChangedBuildSource := IgnoreSourceChanges`.
