[debug] > Exec(run, None, None)
[debug] Evaluating tasks: Compile / run
[debug] Running task... Cancel: Signal, check cycles: false, forcegc: true
[debug] Running task... Cancel: Signal, check cycles: false, forcegc: true
[info] compiling 1 Scala source to D:\Scala_Projects\SparkPlayExcel\ScalaSparkPlayRead\target\scala-2.12\classes ...
[info] done compiling
[debug] Running task... Cancel: Signal, check cycles: false, forcegc: true
[debug] Exporting web-assets:playexcelspark
[debug] Running task... Cancel: Signal, check cycles: false, forcegc: true
[warn] In the last 10 seconds, 8.316 (89.3%) were spent in GC. [Heap: 0.55GB free of 0.79GB, max 1.33GB] Consider increasing the JVM heap using `-Xmx` or try a different collector, e.g. `-XX:+UseG1GC`, for better performance.
[warn] In the last 10 seconds, 6.264 (63.6%) were spent in GC. [Heap: 0.57GB free of 0.91GB, max 1.33GB] Consider increasing the JVM heap using `-Xmx` or try a different collector, e.g. `-XX:+UseG1GC`, for better performance.
[warn] In the last 42 seconds, 5.896 (14.1%) were spent in GC. [Heap: 0.52GB free of 0.84GB, max 1.33GB] Consider increasing the JVM heap using `-Xmx` or try a different collector, e.g. `-XX:+UseG1GC`, for better performance.
[warn] In the last 139 seconds, 44.039 (31.7%) were spent in GC. [Heap: 0.52GB free of 0.84GB, max 1.33GB] Consider increasing the JVM heap using `-Xmx` or try a different collector, e.g. `-XX:+UseG1GC`, for better performance.
[warn] Canceling execution...
[debug] Forcing garbage collection...
[warn] In the last 260 seconds, 13.11 (5.1%) were spent in GC. [Heap: 0.76GB free of 0.89GB, max 1.33GB] Consider increasing the JVM heap using `-Xmx` or try a different collector, e.g. `-XX:+UseG1GC`, for better performance.
[error] Cancelled: run
[error] Cancelled: run
[error] Use 'last' for the full log.
[debug] > Exec(idea-shell, None, None)
